<?xml version="1.0" encoding="UTF-8"?>
<!-- Generated by org.testng.reporters.JUnitReportReporter -->
<testsuite hostname="USHYDKDARI010" failures="0" tests="2" name="cucumberOptions.TestNGTestRunner" time="33.359" errors="0" timestamp="2025-04-07T17:44:03 IST" skipped="0">
  <testcase classname="cucumberOptions.TestNGTestRunner" name="runScenario" time="16.207"/>
  <testcase classname="cucumberOptions.TestNGTestRunner" name="runScenario" time="17.152"/>
</testsuite> <!-- cucumberOptions.TestNGTestRunner -->
